<?xml version="1.0" encoding="UTF-8"?>
<!-- Generated by org.testng.reporters.JUnitXMLReporter -->
<testsuite hostname="LAPTOP-HQSCMDO5" ignored="0" name="Surefire test" tests="6" failures="0" timestamp="2020-07-23T19:16:13 IST" time="0.032" errors="0">
  <testcase name="browserAutomation" time="0.003" classname="Kazim_Maven_Project_Suite.Maven_Java.AppiumTest"/>
  <testcase name="elementUI" time="0.0" classname="Kazim_Maven_Project_Suite.Maven_Java.AppiumTest"/>
  <testcase name="browserAutomation" time="0.001" classname="Kazim_Maven_Project_Suite.Maven_Java.RESTAPITest"/>
  <testcase name="elementUI" time="0.0" classname="Kazim_Maven_Project_Suite.Maven_Java.RESTAPITest"/>
  <testcase name="browserAutomation" time="0.0" classname="Kazim_Maven_Project_Suite.Maven_Java.SeleniumTest"/>
  <testcase name="elementUI" time="0.0" classname="Kazim_Maven_Project_Suite.Maven_Java.SeleniumTest"/>
</testsuite> <!-- Surefire test -->
