<?xml version="1.0" encoding="UTF-8"?>
<!-- Generated by org.testng.reporters.JUnitXMLReporter -->
<testsuite hostname="LAPTOP-HQSCMDO5" ignored="0" name="Test" tests="4" failures="0" timestamp="2020-07-25T18:54:35 IST" time="0.031" errors="0">
  <testcase name="browserAutomation" time="0.003" classname="Kazim_Maven_Project_Suite.Maven_Java.SeleniumTest"/>
  <testcase name="elementUI" time="0.0" classname="Kazim_Maven_Project_Suite.Maven_Java.SeleniumTest"/>
  <testcase name="browserAutomation" time="0.0" classname="Kazim_Maven_Project_Suite.Maven_Java.AppiumTest"/>
  <testcase name="elementUI" time="0.0" classname="Kazim_Maven_Project_Suite.Maven_Java.AppiumTest"/>
</testsuite> <!-- Test -->
